<?xml version="1.0" encoding="UTF-8"?>
<!-- Generated by org.testng.reporters.JUnitReportReporter -->
<testsuite hostname="VINYA" failures="0" tests="1" name="Testng_Basics.Workingon_ExceL" time="0.939" errors="0" timestamp="2022-11-15T17:53:14 IST" skipped="0">
  <testcase classname="Testng_Basics.Workingon_ExceL" name="Excel_demo" time="0.939"/>
  <system-out/>
</testsuite> <!-- Testng_Basics.Workingon_ExceL -->
