<?xml version="1.0" encoding="UTF-8"?>
<!-- Generated by org.testng.reporters.JUnitReportReporter -->
<testsuite hostname="VINYA" failures="0" tests="3" name="TestNG_Testcases.Workingon_Login" time="7.365" errors="0" timestamp="2022-11-18T11:41:32 IST" skipped="0">
  <testcase classname="TestNG_Testcases.Workingon_Login" name="demo" time="2.409"/>
  <system-out/>
  <testcase classname="TestNG_Testcases.Workingon_Login" name="demo" time="2.589"/>
  <system-out/>
  <testcase classname="TestNG_Testcases.Workingon_Login" name="demo" time="2.367"/>
  <system-out/>
</testsuite> <!-- TestNG_Testcases.Workingon_Login -->
