<?xml version="1.0" encoding="UTF-8"?>
<!-- Generated by org.testng.reporters.JUnitReportReporter -->
<testsuite hostname="VINYA" failures="0" tests="5" name="Testng_Basics.Working0n_Demowebshop_Dataprovider" time="47.447" errors="0" timestamp="2022-11-14T10:35:43 IST" skipped="0">
  <testcase classname="Testng_Basics.Working0n_Demowebshop_Dataprovider" name="demo" time="8.509"/>
  <system-out/>
  <testcase classname="Testng_Basics.Working0n_Demowebshop_Dataprovider" name="demo" time="8.485"/>
  <system-out/>
  <testcase classname="Testng_Basics.Working0n_Demowebshop_Dataprovider" name="demo" time="11.015"/>
  <system-out/>
  <testcase classname="Testng_Basics.Working0n_Demowebshop_Dataprovider" name="demo" time="11.061"/>
  <system-out/>
  <testcase classname="Testng_Basics.Working0n_Demowebshop_Dataprovider" name="demo" time="8.377"/>
  <system-out/>
</testsuite> <!-- Testng_Basics.Working0n_Demowebshop_Dataprovider -->
