<?xml version="1.0" encoding="UTF-8"?>
<!-- Generated by org.testng.reporters.JUnitReportReporter -->
<testsuite hostname="VINYA" failures="0" tests="5" name="Testng_Basics.Workingon_Groups" time="0.058" errors="0" timestamp="2022-11-10T16:24:06 IST" skipped="0">
  <testcase classname="Testng_Basics.Workingon_Groups" name="Loginto_DWS" time="0.035"/>
  <system-out/>
  <testcase classname="Testng_Basics.Workingon_Groups" name="Register" time="0.004"/>
  <system-out/>
  <testcase classname="Testng_Basics.Workingon_Groups" name="Search" time="0.004"/>
  <system-out/>
  <testcase classname="Testng_Basics.Workingon_Groups" name="Wishlist" time="0.012"/>
  <system-out/>
  <testcase classname="Testng_Basics.Workingon_Groups" name="addtocart" time="0.003"/>
  <system-out/>
</testsuite> <!-- Testng_Basics.Workingon_Groups -->
