<?xml version="1.0" encoding="UTF-8"?>
<!-- Generated by org.testng.reporters.JUnitReportReporter -->
<testsuite hostname="VINYA" failures="0" tests="3" name="Testng_Basics.Workingon_Exclude" time="0.023" errors="0" timestamp="2022-11-10T12:44:19 IST" skipped="0">
  <testcase classname="Testng_Basics.Workingon_Exclude" name="Loginto_DWS" time="0.002"/>
  <system-out/>
  <testcase classname="Testng_Basics.Workingon_Exclude" name="Register" time="0.018"/>
  <system-out/>
  <testcase classname="Testng_Basics.Workingon_Exclude" name="Search" time="0.003"/>
  <system-out/>
</testsuite> <!-- Testng_Basics.Workingon_Exclude -->
