<?xml version="1.0" encoding="UTF-8"?>
<!-- Generated by org.testng.reporters.JUnitReportReporter -->
<testsuite hostname="VINYA" failures="0" tests="2" name="Testng_Basics.Workingon_Include" time="0.020" errors="0" timestamp="2022-11-10T12:28:45 IST" skipped="0">
  <testcase classname="Testng_Basics.Workingon_Include" name="Register" time="0.017"/>
  <system-out/>
  <testcase classname="Testng_Basics.Workingon_Include" name="Search" time="0.003"/>
  <system-out/>
</testsuite> <!-- Testng_Basics.Workingon_Include -->
