<?xml version="1.0" encoding="UTF-8"?>
<!-- Generated by org.testng.reporters.JUnitReportReporter -->
<testsuite hostname="VINYA" failures="0" tests="2" name="Pom_Testcases.DWS_Login_Test" time="2.818" errors="0" timestamp="2022-11-21T17:36:20 IST" skipped="0">
  <testcase classname="Pom_Testcases.DWS_Login_Test" name="TC01" time="1.676"/>
  <system-out/>
  <testcase classname="Pom_Testcases.DWS_Login_Test" name="TC01" time="1.142"/>
  <system-out/>
</testsuite> <!-- Pom_Testcases.DWS_Login_Test -->
