<?xml version="1.0" encoding="UTF-8"?>
<!-- Generated by org.testng.reporters.JUnitReportReporter -->
<testsuite hostname="VINYA" failures="0" tests="4" name="Testng_Basics.Car_Mechanism" time="0.031" errors="0" timestamp="2022-11-11T21:21:51 IST" skipped="0">
  <testcase classname="Testng_Basics.Car_Mechanism" name="Shift_gear" time="0.004"/>
  <system-out/>
  <testcase classname="Testng_Basics.Car_Mechanism" name="Open_door" time="0.004"/>
  <system-out/>
  <testcase classname="Testng_Basics.Car_Mechanism" name="Start_car" time="0.005"/>
  <system-out/>
  <testcase classname="Testng_Basics.Car_Mechanism" name="Unlock_car" time="0.018"/>
  <system-out/>
</testsuite> <!-- Testng_Basics.Car_Mechanism -->
