<?xml version="1.0" encoding="UTF-8"?>
<!-- Generated by org.testng.reporters.JUnitReportReporter -->
<testsuite hostname="VINYA" failures="0" tests="1" name="Flipcart_Testcase.Working_on_Signup_Flipcart" time="0.000" errors="0" timestamp="2022-11-18T21:51:52 IST" skipped="1">
  <testcase classname="Flipcart_Testcase.Working_on_Signup_Flipcart" name="sign" time="0.000">
    <skipped/>
  </testcase> <!-- sign -->
  <system-out/>
</testsuite> <!-- Flipcart_Testcase.Working_on_Signup_Flipcart -->
