<?xml version="1.0" encoding="UTF-8"?>
<!-- Generated by org.testng.reporters.JUnitReportReporter -->
<testsuite hostname="VINYA" failures="0" tests="1" name="Pom_Testcases.DWS_Book_Test" time="3.295" errors="0" timestamp="2022-11-21T17:36:00 IST" skipped="0">
  <testcase classname="Pom_Testcases.DWS_Book_Test" name="Tc04" time="3.295"/>
  <system-out/>
</testsuite> <!-- Pom_Testcases.DWS_Book_Test -->
