<?xml version="1.0" encoding="UTF-8"?>
<!-- Generated by org.testng.reporters.JUnitReportReporter -->
<testsuite hostname="VINYA" failures="0" tests="1" name="TestNG_Testcases.Workingon_Computer_Accessories" time="0.947" errors="0" timestamp="2022-11-18T11:41:32 IST" skipped="0">
  <testcase classname="TestNG_Testcases.Workingon_Computer_Accessories" name="Computer" time="0.947"/>
  <system-out/>
</testsuite> <!-- TestNG_Testcases.Workingon_Computer_Accessories -->
