<?xml version="1.0" encoding="UTF-8"?>
<!-- Generated by org.testng.reporters.JUnitReportReporter -->
<testsuite hostname="VINYA" failures="0" tests="5" name="Testng_Basics.Workingon_Dataprovider" time="0.029" errors="0" timestamp="2022-11-11T15:53:57 IST" skipped="0">
  <testcase classname="Testng_Basics.Workingon_Dataprovider" name="testdatademo" time="0.002"/>
  <system-out/>
  <testcase classname="Testng_Basics.Workingon_Dataprovider" name="testdatademo" time="0.015"/>
  <system-out/>
  <testcase classname="Testng_Basics.Workingon_Dataprovider" name="testdatademo" time="0.004"/>
  <system-out/>
  <testcase classname="Testng_Basics.Workingon_Dataprovider" name="testdatademo" time="0.005"/>
  <system-out/>
  <testcase classname="Testng_Basics.Workingon_Dataprovider" name="testdatademo" time="0.003"/>
  <system-out/>
</testsuite> <!-- Testng_Basics.Workingon_Dataprovider -->
