<?xml version="1.0" encoding="UTF-8"?>
<!-- Generated by org.testng.reporters.JUnitReportReporter -->
<testsuite hostname="VINYA" failures="0" tests="4" name="Testng_Basics.Workingon_Parallel_Execution" time="68.709" errors="0" timestamp="2022-11-11T11:54:54 IST" skipped="0">
  <testcase classname="Testng_Basics.Workingon_Parallel_Execution" name="paralleldemo" time="15.492"/>
  <system-out/>
  <testcase classname="Testng_Basics.Workingon_Parallel_Execution" name="paralleldemo" time="17.996"/>
  <system-out/>
  <testcase classname="Testng_Basics.Workingon_Parallel_Execution" name="paralleldemo" time="18.154"/>
  <system-out/>
  <testcase classname="Testng_Basics.Workingon_Parallel_Execution" name="paralleldemo" time="17.067"/>
  <system-out/>
</testsuite> <!-- Testng_Basics.Workingon_Parallel_Execution -->
