<?xml version="1.0" encoding="UTF-8"?>
<!-- Generated by org.testng.reporters.JUnitReportReporter -->
<testsuite hostname="VINYA" failures="0" tests="1" name="Testng_Basics.Workinon_retrieve_data_excel" time="0.841" errors="0" timestamp="2022-11-16T12:11:01 IST" skipped="0">
  <testcase classname="Testng_Basics.Workinon_retrieve_data_excel" name="retrieve_excel_data" time="0.841"/>
  <system-out/>
</testsuite> <!-- Testng_Basics.Workinon_retrieve_data_excel -->
