<?xml version="1.0" encoding="UTF-8"?>
<!-- Generated by org.testng.reporters.JUnitReportReporter -->
<testsuite hostname="VINYA" failures="0" tests="2" name="TestNG_Testcases.Workingon_Register_Testcase" time="3.934" errors="0" timestamp="2022-11-18T11:41:32 IST" skipped="0">
  <testcase classname="TestNG_Testcases.Workingon_Register_Testcase" name="demo" time="1.838"/>
  <system-out/>
  <testcase classname="TestNG_Testcases.Workingon_Register_Testcase" name="demo" time="2.096"/>
  <system-out/>
</testsuite> <!-- TestNG_Testcases.Workingon_Register_Testcase -->
