<?xml version="1.0" encoding="UTF-8"?>
<!-- Generated by org.testng.reporters.JUnitReportReporter -->
<testsuite hostname="VINYA" failures="0" tests="1" name="Testng_Basics.Workingon_retrieve_excel_data_using_Dataprovider" time="0.860" errors="0" timestamp="2022-11-16T15:20:34 IST" skipped="0">
  <testcase classname="Testng_Basics.Workingon_retrieve_excel_data_using_Dataprovider" name="retrieve_excel_data" time="0.860"/>
  <system-out/>
</testsuite> <!-- Testng_Basics.Workingon_retrieve_excel_data_using_Dataprovider -->
