<?xml version="1.0" encoding="UTF-8"?>
<!-- Generated by org.testng.reporters.JUnitReportReporter -->
<testsuite hostname="VINYA" failures="0" tests="1" name="TestNG_basics.Workingon_Search_Advanced" time="9.281" errors="0" timestamp="2022-11-08T17:53:06 IST" skipped="0">
  <testcase classname="TestNG_basics.Workingon_Search_Advanced" name="advanced_search" time="9.281"/>
  <system-out/>
</testsuite> <!-- TestNG_basics.Workingon_Search_Advanced -->
