<?xml version="1.0" encoding="UTF-8"?>
<!-- Generated by org.testng.reporters.JUnitReportReporter -->
<testsuite hostname="VINYA" failures="0" tests="3" name="Testng_Basics.Workingon_Parallelexecution_XML" time="27.774" errors="0" timestamp="2022-11-14T12:07:53 IST" skipped="0">
  <testcase classname="Testng_Basics.Workingon_Parallelexecution_XML" name="paralleldemo" time="9.191"/>
  <system-out/>
  <testcase classname="Testng_Basics.Workingon_Parallelexecution_XML" name="paralleldemo" time="12.797"/>
  <system-out/>
  <testcase classname="Testng_Basics.Workingon_Parallelexecution_XML" name="paralleldemo" time="5.786"/>
  <system-out/>
</testsuite> <!-- Testng_Basics.Workingon_Parallelexecution_XML -->
