<?xml version="1.0" encoding="UTF-8"?>
<!-- Generated by org.testng.reporters.JUnitReportReporter -->
<testsuite hostname="VINYA" failures="0" tests="1" name="Testng_Basics.Wokingon_Properties" time="0.018" errors="0" timestamp="2022-11-15T13:12:01 IST" skipped="0">
  <testcase classname="Testng_Basics.Wokingon_Properties" name="propertydemo" time="0.018"/>
  <system-out/>
</testsuite> <!-- Testng_Basics.Wokingon_Properties -->
