<?xml version="1.0" encoding="UTF-8"?>
<!-- Generated by org.testng.reporters.JUnitReportReporter -->
<testsuite hostname="VINYA" failures="0" tests="3" name="Testng_Basics.Configuring_annotations2" time="0.027" errors="0" timestamp="2022-11-11T21:24:38 IST" skipped="0">
  <testcase classname="Testng_Basics.Configuring_annotations2" name="g" time="0.007"/>
  <system-out/>
  <testcase classname="Testng_Basics.Configuring_annotations2" name="f" time="0.007"/>
  <system-out/>
  <testcase classname="Testng_Basics.Configuring_annotations2" name="e" time="0.013"/>
  <system-out/>
</testsuite> <!-- Testng_Basics.Configuring_annotations2 -->
