<?xml version="1.0" encoding="UTF-8"?>
<!-- Generated by org.testng.reporters.JUnitReportReporter -->
<testsuite hostname="VINYA" failures="0" tests="2" name="Testng_Basics.Workingon_Configuring_Annotations" time="0.015" errors="0" timestamp="2022-11-11T21:27:41 IST" skipped="0">
  <testcase classname="Testng_Basics.Workingon_Configuring_Annotations" name="Ducati" time="0.011"/>
  <system-out/>
  <testcase classname="Testng_Basics.Workingon_Configuring_Annotations" name="Lambo" time="0.004"/>
  <system-out/>
</testsuite> <!-- Testng_Basics.Workingon_Configuring_Annotations -->
