<?xml version="1.0" encoding="UTF-8"?>
<!-- Generated by org.testng.reporters.JUnitReportReporter -->
<testsuite hostname="VINYA" failures="0" tests="1" name="TestNG_basics.basic_practise" time="15.408" errors="0" timestamp="2022-11-08T14:49:23 IST" skipped="0">
  <testcase classname="TestNG_basics.basic_practise" name="demo" time="15.408"/>
  <system-out/>
</testsuite> <!-- TestNG_basics.basic_practise -->
