<?xml version="1.0" encoding="UTF-8"?>
<!-- Generated by org.testng.reporters.JUnitReportReporter -->
<testsuite hostname="VINYA" failures="0" tests="1" name="TestNG_basics.Workingon_Computer_Accessories" time="7.602" errors="0" timestamp="2022-11-08T17:53:06 IST" skipped="0">
  <testcase classname="TestNG_basics.Workingon_Computer_Accessories" name="Computer" time="7.602"/>
  <system-out/>
</testsuite> <!-- TestNG_basics.Workingon_Computer_Accessories -->
