<?xml version="1.0" encoding="UTF-8"?>
<!-- Generated by org.testng.reporters.JUnitReportReporter -->
<testsuite hostname="VINYA" failures="0" tests="3" name="TestNG_Testcases.workingon_Search_" time="2.645" errors="0" timestamp="2022-11-18T11:41:32 IST" skipped="0">
  <testcase classname="TestNG_Testcases.workingon_Search_" name="demo" time="0.881"/>
  <system-out/>
  <testcase classname="TestNG_Testcases.workingon_Search_" name="demo" time="0.919"/>
  <system-out/>
  <testcase classname="TestNG_Testcases.workingon_Search_" name="demo" time="0.845"/>
  <system-out/>
</testsuite> <!-- TestNG_Testcases.workingon_Search_ -->
