<?xml version="1.0" encoding="UTF-8"?>
<!-- Generated by org.testng.reporters.JUnitReportReporter -->
<testsuite hostname="VINYA" failures="0" tests="1" name="TestNG_Testcases.workingon_Search_TestNG" time="1.356" errors="0" timestamp="2022-11-15T12:07:48 IST" skipped="0">
  <testcase classname="TestNG_Testcases.workingon_Search_TestNG" name="demo" time="1.356"/>
  <system-out/>
</testsuite> <!-- TestNG_Testcases.workingon_Search_TestNG -->
