<?xml version="1.0" encoding="UTF-8"?>
<!-- Generated by org.testng.reporters.JUnitReportReporter -->
<testsuite hostname="VINYA" failures="0" tests="5" name="Testng_Basics.Workingon_Priority" time="0.029" errors="0" timestamp="2022-11-10T11:21:11 IST" skipped="0">
  <testcase classname="Testng_Basics.Workingon_Priority" name="Register" time="0.017"/>
  <system-out/>
  <testcase classname="Testng_Basics.Workingon_Priority" name="Loginto_DWS" time="0.003"/>
  <system-out/>
  <testcase classname="Testng_Basics.Workingon_Priority" name="Search" time="0.002"/>
  <system-out/>
  <testcase classname="Testng_Basics.Workingon_Priority" name="Wishlist" time="0.003"/>
  <system-out/>
  <testcase classname="Testng_Basics.Workingon_Priority" name="addtocart" time="0.004"/>
  <system-out/>
</testsuite> <!-- Testng_Basics.Workingon_Priority -->
