<?xml version="1.0" encoding="UTF-8"?>
<!-- Generated by org.testng.reporters.JUnitReportReporter -->
<testsuite hostname="VINYA" failures="0" tests="1" name="Pom_Testcases.DWS_Subscribe_Test" time="0.267" errors="0" timestamp="2022-11-21T17:36:00 IST" skipped="0">
  <testcase classname="Pom_Testcases.DWS_Subscribe_Test" name="TC13" time="0.267"/>
  <system-out/>
</testsuite> <!-- Pom_Testcases.DWS_Subscribe_Test -->
