<?xml version="1.0" encoding="UTF-8"?>
<!-- Generated by org.testng.reporters.JUnitReportReporter -->
<testsuite hostname="VINYA" failures="0" tests="2" name="Testng_Basics.Workingon_Paralel_Demosearch" time="50.403" errors="0" timestamp="2022-11-11T12:42:08 IST" skipped="0">
  <testcase classname="Testng_Basics.Workingon_Paralel_Demosearch" name="paralleldemo" time="25.166"/>
  <system-out/>
  <testcase classname="Testng_Basics.Workingon_Paralel_Demosearch" name="paralleldemo" time="25.237"/>
  <system-out/>
</testsuite> <!-- Testng_Basics.Workingon_Paralel_Demosearch -->
