<?xml version="1.0" encoding="UTF-8"?>
<!-- Generated by org.testng.reporters.JUnitReportReporter -->
<testsuite hostname="VINYA" failures="0" tests="5" name="Testng_Basics.Workingon_Dependentmethods" time="0.028" errors="0" timestamp="2022-11-11T21:34:54 IST" skipped="0">
  <testcase classname="Testng_Basics.Workingon_Dependentmethods" name="Wishlist" time="0.003"/>
  <system-out/>
  <testcase classname="Testng_Basics.Workingon_Dependentmethods" name="Loginto_DWS" time="0.003"/>
  <system-out/>
  <testcase classname="Testng_Basics.Workingon_Dependentmethods" name="Search" time="0.003"/>
  <system-out/>
  <testcase classname="Testng_Basics.Workingon_Dependentmethods" name="Register" time="0.016"/>
  <system-out/>
  <testcase classname="Testng_Basics.Workingon_Dependentmethods" name="addtocart" time="0.003"/>
  <system-out/>
</testsuite> <!-- Testng_Basics.Workingon_Dependentmethods -->
